[2024-08-12 11:26:40,446][agents.models.oc_ddpm.oc_ddpm][INFO] - number of parameters: 1.884168e+06
[2024-08-12 11:26:40,473][root][INFO] - Loading Real Robot Dataset
[2024-08-12 11:26:40,616][agents.utils.scaler][INFO] - Datset Info: action min: [-1.99125439 -3.11323431 -2.4178703  -3.15462605 -1.34294015 -2.84311659
 -4.88268445 -1.07576569] and max: [2.67765905 2.32817424 1.77528019 2.63218054 5.68778755 2.01439045
 2.89024839 0.92957972]
[2024-08-12 11:26:40,616][agents.utils.scaler][INFO] - Training dataset size: target (46174, 8)
[2024-08-12 11:26:40,617][agents.base_agent][INFO] - The model has a total amount of 24286664 parameters
[2024-08-12 11:26:40,695][agents.ddpm_agent][INFO] - Loaded pre-trained model parameters
[2024-08-12 11:26:48,785][simulation.real_robot][INFO] - Starting trained model evaluation on real robot
[2024-08-12 11:27:09,998][simulation.real_robot][INFO] - Evaluation done. Resetting robots
[2024-08-12 11:27:10,000][polymetis.robot_interface][WARNING] - The specified 'time_to_go' might not be large enough to ensure accurate movement.
[2024-08-12 11:27:42,249][simulation.real_robot][INFO] - Evaluation done. Resetting robots
[2024-08-12 11:27:42,250][polymetis.robot_interface][WARNING] - The specified 'time_to_go' might not be large enough to ensure accurate movement.
[2024-08-12 11:29:10,157][simulation.real_robot][INFO] - Evaluation done. Resetting robots
[2024-08-12 11:29:10,158][polymetis.robot_interface][WARNING] - The specified 'time_to_go' might not be large enough to ensure accurate movement.
[2024-08-12 11:30:41,801][polymetis.robot_interface][WARNING] - The specified 'time_to_go' might not be large enough to ensure accurate movement.
[2024-08-12 11:30:49,612][simulation.real_robot][INFO] - Evaluation done. Resetting robots
[2024-08-12 11:30:49,613][polymetis.robot_interface][WARNING] - The specified 'time_to_go' might not be large enough to ensure accurate movement.
[2024-08-12 11:31:36,669][simulation.real_robot][INFO] - Evaluation done. Resetting robots
[2024-08-12 11:31:36,671][polymetis.robot_interface][WARNING] - The specified 'time_to_go' might not be large enough to ensure accurate movement.
[2024-08-12 11:32:50,456][simulation.real_robot][INFO] - Evaluation done. Resetting robots
[2024-08-12 11:32:50,457][polymetis.robot_interface][WARNING] - The specified 'time_to_go' might not be large enough to ensure accurate movement.
[2024-08-12 11:33:41,713][simulation.real_robot][INFO] - Quitting evaluation
[2024-08-12 11:33:48,232][__main__][INFO] - done
