[2024-08-09 15:53:51,614][agents.models.oc_ddpm.oc_ddpm][INFO] - number of parameters: 1.884168e+06
[2024-08-09 15:53:51,671][root][INFO] - Loading Real Robot Dataset
[2024-08-09 15:53:51,826][agents.utils.scaler][INFO] - Datset Info: action min: [-1.99125439 -3.11323431 -2.4178703  -3.15462605 -1.34294015 -2.84311659
 -4.88268445 -1.07576569] and max: [2.67765905 2.32817424 1.77528019 2.63218054 5.68778755 2.01439045
 2.89024839 0.92957972]
[2024-08-09 15:53:51,826][agents.utils.scaler][INFO] - Training dataset size: target (46174, 8)
[2024-08-09 15:53:51,827][agents.base_agent][INFO] - The model has a total amount of 24286664 parameters
[2024-08-09 16:03:29,294][agents.ddpm_agent][INFO] - Epoch 0: Mean train loss is 0.20793072879314423
[2024-08-09 16:14:40,153][agents.ddpm_agent][INFO] - Epoch 1: Mean train loss is 0.1471739262342453
[2024-08-09 16:24:28,578][agents.ddpm_agent][INFO] - Epoch 2: Mean train loss is 0.23403650522232056
[2024-08-09 16:34:18,657][agents.ddpm_agent][INFO] - Epoch 3: Mean train loss is 0.15092335641384125
[2024-08-09 16:44:04,900][agents.ddpm_agent][INFO] - Epoch 4: Mean train loss is 0.10560595989227295
[2024-08-09 16:53:56,090][agents.ddpm_agent][INFO] - Epoch 5: Mean train loss is 0.10535658150911331
[2024-08-09 17:03:48,918][agents.ddpm_agent][INFO] - Epoch 6: Mean train loss is 0.12419573217630386
[2024-08-09 17:13:35,967][agents.ddpm_agent][INFO] - Epoch 7: Mean train loss is 0.13531816005706787
[2024-08-09 17:23:24,986][agents.ddpm_agent][INFO] - Epoch 8: Mean train loss is 0.09924960881471634
[2024-08-09 17:33:11,711][agents.ddpm_agent][INFO] - Epoch 9: Mean train loss is 0.1574377566576004
[2024-08-09 17:43:01,970][agents.ddpm_agent][INFO] - Epoch 10: Mean train loss is 0.1156737208366394
[2024-08-09 17:52:51,079][agents.ddpm_agent][INFO] - Epoch 11: Mean train loss is 0.06602394580841064
[2024-08-09 18:03:47,808][agents.ddpm_agent][INFO] - Epoch 12: Mean train loss is 0.09910640865564346
[2024-08-09 18:14:54,934][agents.ddpm_agent][INFO] - Epoch 13: Mean train loss is 0.11297522485256195
[2024-08-09 18:25:30,444][agents.ddpm_agent][INFO] - Epoch 14: Mean train loss is 0.07767488807439804
[2024-08-09 18:35:19,638][agents.ddpm_agent][INFO] - Epoch 15: Mean train loss is 0.07383569329977036
[2024-08-09 18:45:08,178][agents.ddpm_agent][INFO] - Epoch 16: Mean train loss is 0.05999885872006416
[2024-08-09 18:55:49,037][agents.ddpm_agent][INFO] - Epoch 17: Mean train loss is 0.1060778945684433
[2024-08-09 19:06:50,091][agents.ddpm_agent][INFO] - Epoch 18: Mean train loss is 0.07137293368577957
[2024-08-09 19:16:34,215][agents.ddpm_agent][INFO] - Epoch 19: Mean train loss is 0.0834679901599884
[2024-08-09 19:26:24,815][agents.ddpm_agent][INFO] - Epoch 20: Mean train loss is 0.0534772090613842
[2024-08-09 19:36:12,519][agents.ddpm_agent][INFO] - Epoch 21: Mean train loss is 0.08877543359994888
[2024-08-09 19:46:00,018][agents.ddpm_agent][INFO] - Epoch 22: Mean train loss is 0.05145346000790596
[2024-08-09 19:55:50,388][agents.ddpm_agent][INFO] - Epoch 23: Mean train loss is 0.053665947169065475
[2024-08-09 20:05:38,244][agents.ddpm_agent][INFO] - Epoch 24: Mean train loss is 0.05765946954488754
[2024-08-09 20:15:27,408][agents.ddpm_agent][INFO] - Epoch 25: Mean train loss is 0.0620679073035717
[2024-08-09 20:25:19,635][agents.ddpm_agent][INFO] - Epoch 26: Mean train loss is 0.05825350061058998
[2024-08-09 20:35:11,939][agents.ddpm_agent][INFO] - Epoch 27: Mean train loss is 0.08138413727283478
[2024-08-09 20:45:03,886][agents.ddpm_agent][INFO] - Epoch 28: Mean train loss is 0.07449454814195633
[2024-08-09 20:54:55,500][agents.ddpm_agent][INFO] - Epoch 29: Mean train loss is 0.07224714756011963
[2024-08-09 21:04:47,028][agents.ddpm_agent][INFO] - Epoch 30: Mean train loss is 0.049198806285858154
[2024-08-09 21:14:36,945][agents.ddpm_agent][INFO] - Epoch 31: Mean train loss is 0.08645810931921005
[2024-08-09 21:25:23,916][agents.ddpm_agent][INFO] - Epoch 32: Mean train loss is 0.07290966063737869
[2024-08-09 21:35:17,062][agents.ddpm_agent][INFO] - Epoch 33: Mean train loss is 0.07954265177249908
[2024-08-09 21:45:10,669][agents.ddpm_agent][INFO] - Epoch 34: Mean train loss is 0.02892274223268032
[2024-08-09 21:55:02,843][agents.ddpm_agent][INFO] - Epoch 35: Mean train loss is 0.05250956490635872
[2024-08-09 22:06:12,721][agents.ddpm_agent][INFO] - Epoch 36: Mean train loss is 0.05387009680271149
[2024-08-09 22:16:01,554][agents.ddpm_agent][INFO] - Epoch 37: Mean train loss is 0.05097182095050812
[2024-08-09 22:25:50,485][agents.ddpm_agent][INFO] - Epoch 38: Mean train loss is 0.04648372158408165
[2024-08-09 22:35:39,314][agents.ddpm_agent][INFO] - Epoch 39: Mean train loss is 0.06453783065080643
[2024-08-09 22:45:31,822][agents.ddpm_agent][INFO] - Epoch 40: Mean train loss is 0.03521023318171501
[2024-08-09 22:55:19,633][agents.ddpm_agent][INFO] - Epoch 41: Mean train loss is 0.07379517704248428
[2024-08-09 23:05:13,444][agents.ddpm_agent][INFO] - Epoch 42: Mean train loss is 0.054087989032268524
[2024-08-09 23:15:03,891][agents.ddpm_agent][INFO] - Epoch 43: Mean train loss is 0.05495406314730644
[2024-08-09 23:26:09,544][agents.ddpm_agent][INFO] - Epoch 44: Mean train loss is 0.040214937180280685
[2024-08-09 23:35:59,281][agents.ddpm_agent][INFO] - Epoch 45: Mean train loss is 0.04731021076440811
[2024-08-09 23:45:47,426][agents.ddpm_agent][INFO] - Epoch 46: Mean train loss is 0.047667670994997025
[2024-08-09 23:55:37,062][agents.ddpm_agent][INFO] - Epoch 47: Mean train loss is 0.0475316196680069
[2024-08-10 00:05:28,446][agents.ddpm_agent][INFO] - Epoch 48: Mean train loss is 0.032755497843027115
[2024-08-10 00:15:16,558][agents.ddpm_agent][INFO] - Epoch 49: Mean train loss is 0.03022020123898983
[2024-08-10 00:25:05,420][agents.ddpm_agent][INFO] - Epoch 50: Mean train loss is 0.033483341336250305
[2024-08-10 00:34:53,244][agents.ddpm_agent][INFO] - Epoch 51: Mean train loss is 0.04844678193330765
[2024-08-10 00:44:44,462][agents.ddpm_agent][INFO] - Epoch 52: Mean train loss is 0.05878660827875137
[2024-08-10 00:54:34,256][agents.ddpm_agent][INFO] - Epoch 53: Mean train loss is 0.05418095737695694
[2024-08-10 01:04:24,094][agents.ddpm_agent][INFO] - Epoch 54: Mean train loss is 0.060145776718854904
[2024-08-10 01:15:29,892][agents.ddpm_agent][INFO] - Epoch 55: Mean train loss is 0.03548562899231911
[2024-08-10 01:26:30,899][agents.ddpm_agent][INFO] - Epoch 56: Mean train loss is 0.03508077189326286
[2024-08-10 01:37:30,321][agents.ddpm_agent][INFO] - Epoch 57: Mean train loss is 0.038049500435590744
[2024-08-10 01:48:28,627][agents.ddpm_agent][INFO] - Epoch 58: Mean train loss is 0.06202711537480354
[2024-08-10 01:59:29,467][agents.ddpm_agent][INFO] - Epoch 59: Mean train loss is 0.04115204140543938
[2024-08-10 02:10:35,506][agents.ddpm_agent][INFO] - Epoch 60: Mean train loss is 0.05003022775053978
[2024-08-10 02:20:21,464][agents.ddpm_agent][INFO] - Epoch 61: Mean train loss is 0.039300378412008286
[2024-08-10 02:30:13,183][agents.ddpm_agent][INFO] - Epoch 62: Mean train loss is 0.04918456822633743
[2024-08-10 02:40:05,627][agents.ddpm_agent][INFO] - Epoch 63: Mean train loss is 0.07217703759670258
[2024-08-10 02:51:10,020][agents.ddpm_agent][INFO] - Epoch 64: Mean train loss is 0.05119577795267105
[2024-08-10 03:01:54,835][agents.ddpm_agent][INFO] - Epoch 65: Mean train loss is 0.04646593704819679
[2024-08-10 03:11:42,792][agents.ddpm_agent][INFO] - Epoch 66: Mean train loss is 0.04952269792556763
[2024-08-10 03:21:35,594][agents.ddpm_agent][INFO] - Epoch 67: Mean train loss is 0.04427044466137886
[2024-08-10 03:32:36,678][agents.ddpm_agent][INFO] - Epoch 68: Mean train loss is 0.031835515052080154
[2024-08-10 03:42:25,554][agents.ddpm_agent][INFO] - Epoch 69: Mean train loss is 0.057987280189991
[2024-08-10 03:52:14,283][agents.ddpm_agent][INFO] - Epoch 70: Mean train loss is 0.03491434454917908
[2024-08-10 04:02:04,570][agents.ddpm_agent][INFO] - Epoch 71: Mean train loss is 0.04805805906653404
[2024-08-10 04:11:56,177][agents.ddpm_agent][INFO] - Epoch 72: Mean train loss is 0.0485873706638813
[2024-08-10 04:21:45,198][agents.ddpm_agent][INFO] - Epoch 73: Mean train loss is 0.04879920184612274
[2024-08-10 04:31:35,438][agents.ddpm_agent][INFO] - Epoch 74: Mean train loss is 0.04639964550733566
[2024-08-10 04:42:47,931][agents.ddpm_agent][INFO] - Epoch 75: Mean train loss is 0.03324026241898537
[2024-08-10 04:53:44,674][agents.ddpm_agent][INFO] - Epoch 76: Mean train loss is 0.029269732534885406
[2024-08-10 05:03:32,479][agents.ddpm_agent][INFO] - Epoch 77: Mean train loss is 0.048543840646743774
[2024-08-10 05:13:15,845][agents.ddpm_agent][INFO] - Epoch 78: Mean train loss is 0.029299547895789146
[2024-08-10 05:23:03,756][agents.ddpm_agent][INFO] - Epoch 79: Mean train loss is 0.03811953589320183
[2024-08-10 05:32:53,243][agents.ddpm_agent][INFO] - Epoch 80: Mean train loss is 0.021831300109624863
[2024-08-10 05:42:40,763][agents.ddpm_agent][INFO] - Epoch 81: Mean train loss is 0.047302596271038055
[2024-08-10 05:52:29,708][agents.ddpm_agent][INFO] - Epoch 82: Mean train loss is 0.033927083015441895
[2024-08-10 06:02:15,805][agents.ddpm_agent][INFO] - Epoch 83: Mean train loss is 0.0328897163271904
[2024-08-10 06:12:04,670][agents.ddpm_agent][INFO] - Epoch 84: Mean train loss is 0.05948839336633682
[2024-08-10 06:21:54,358][agents.ddpm_agent][INFO] - Epoch 85: Mean train loss is 0.03982757031917572
[2024-08-10 06:31:44,079][agents.ddpm_agent][INFO] - Epoch 86: Mean train loss is 0.04037129133939743
[2024-08-10 06:41:34,892][agents.ddpm_agent][INFO] - Epoch 87: Mean train loss is 0.05759695544838905
[2024-08-10 06:51:23,390][agents.ddpm_agent][INFO] - Epoch 88: Mean train loss is 0.04580742493271828
[2024-08-10 07:02:26,026][agents.ddpm_agent][INFO] - Epoch 89: Mean train loss is 0.041419196873903275
[2024-08-10 07:12:18,077][agents.ddpm_agent][INFO] - Epoch 90: Mean train loss is 0.03379841521382332
[2024-08-10 07:22:06,501][agents.ddpm_agent][INFO] - Epoch 91: Mean train loss is 0.0431404784321785
[2024-08-10 07:31:54,083][agents.ddpm_agent][INFO] - Epoch 92: Mean train loss is 0.06309240311384201
[2024-08-10 07:42:56,315][agents.ddpm_agent][INFO] - Epoch 93: Mean train loss is 0.04807548224925995
[2024-08-10 07:53:28,652][agents.ddpm_agent][INFO] - Epoch 94: Mean train loss is 0.05064915493130684
[2024-08-10 08:03:14,838][agents.ddpm_agent][INFO] - Epoch 95: Mean train loss is 0.028043130412697792
[2024-08-10 08:13:00,247][agents.ddpm_agent][INFO] - Epoch 96: Mean train loss is 0.03533463925123215
[2024-08-10 08:23:42,870][agents.ddpm_agent][INFO] - Epoch 97: Mean train loss is 0.026387609541416168
[2024-08-10 08:34:15,500][agents.ddpm_agent][INFO] - Epoch 98: Mean train loss is 0.03565709665417671
[2024-08-10 08:44:00,355][agents.ddpm_agent][INFO] - Epoch 99: Mean train loss is 0.01945227012038231
[2024-08-10 08:44:00,355][agents.ddpm_agent][INFO] - training done
[2024-08-10 08:44:00,743][__main__][INFO] - done
